<?xml version="1.0" encoding="UTF-8"?>
<testng-results ignored="0" total="12" passed="11" failed="1" skipped="0">
  <reporter-output>
  </reporter-output>
  <suite started-at="2023-03-07T18:03:07 CST" name="Command line suite" finished-at="2023-03-07T18:03:08 CST" duration-ms="1259">
    <groups>
    </groups>
    <test started-at="2023-03-07T18:03:07 CST" name="Command line test" finished-at="2023-03-07T18:03:08 CST" duration-ms="1259">
      <class name="mentoringWithKuba.LambdaTest">
        <test-method signature="ValidateEmailAndName()[pri:0, instance:mentoringWithKuba.LambdaTest@2002fc1d]" started-at="2023-03-07T18:03:07 CST" name="ValidateEmailAndName" finished-at="2023-03-07T18:03:08 CST" duration-ms="1232" status="FAIL">
          <exception class="org.openqa.selenium.remote.http.ConnectionFailedException">
            <message>
              <![CDATA[Unable to establish websocket connection to http://localhost:59311/devtools/browser/cdd4e8ab-2c7f-494b-a42e-004c7f378587
Build info: version: '4.7.2', revision: '4d4020c3b7'
System info: os.name: 'Mac OS X', os.arch: 'aarch64', os.version: '12.5', java.version: '11.0.16.1'
Driver info: driver.version: ChromeDriver]]>
            </message>
            <full-stacktrace>
              <![CDATA[org.openqa.selenium.remote.http.ConnectionFailedException: Unable to establish websocket connection to http://localhost:59311/devtools/browser/cdd4e8ab-2c7f-494b-a42e-004c7f378587
Build info: version: '4.7.2', revision: '4d4020c3b7'
System info: os.name: 'Mac OS X', os.arch: 'aarch64', os.version: '12.5', java.version: '11.0.16.1'
Driver info: driver.version: ChromeDriver
at org.openqa.selenium.remote.http.netty.NettyWebSocket.<init>(NettyWebSocket.java:102)
at org.openqa.selenium.remote.http.netty.NettyWebSocket.lambda$create$3(NettyWebSocket.java:128)
at org.openqa.selenium.remote.http.netty.NettyClient.openSocket(NettyClient.java:107)
at org.openqa.selenium.devtools.Connection.<init>(Connection.java:78)
at org.openqa.selenium.chromium.ChromiumDriver.lambda$new$2(ChromiumDriver.java:116)
at java.base/java.util.Optional.map(Optional.java:265)
at org.openqa.selenium.chromium.ChromiumDriver.<init>(ChromiumDriver.java:114)
at org.openqa.selenium.chrome.ChromeDriver.<init>(ChromeDriver.java:82)
at org.openqa.selenium.chrome.ChromeDriver.<init>(ChromeDriver.java:50)
at mentoringWithKuba.LambdaTest.ValidateEmailAndName(LambdaTest.java:20)
at java.base/jdk.internal.reflect.NativeMethodAccessorImpl.invoke0(Native Method)
at java.base/jdk.internal.reflect.NativeMethodAccessorImpl.invoke(NativeMethodAccessorImpl.java:62)
at java.base/jdk.internal.reflect.DelegatingMethodAccessorImpl.invoke(DelegatingMethodAccessorImpl.java:43)
at java.base/java.lang.reflect.Method.invoke(Method.java:566)
at org.testng.internal.invokers.MethodInvocationHelper.invokeMethod(MethodInvocationHelper.java:139)
at org.testng.internal.invokers.TestInvoker.invokeMethod(TestInvoker.java:677)
at org.testng.internal.invokers.TestInvoker.invokeTestMethod(TestInvoker.java:221)
at org.testng.internal.invokers.MethodRunner.runInSequence(MethodRunner.java:50)
at org.testng.internal.invokers.TestInvoker$MethodInvocationAgent.invoke(TestInvoker.java:969)
at org.testng.internal.invokers.TestInvoker.invokeTestMethods(TestInvoker.java:194)
at org.testng.internal.invokers.TestMethodWorker.invokeTestMethods(TestMethodWorker.java:148)
at org.testng.internal.invokers.TestMethodWorker.run(TestMethodWorker.java:128)
at java.base/java.util.ArrayList.forEach(ArrayList.java:1541)
at org.testng.TestRunner.privateRun(TestRunner.java:829)
at org.testng.TestRunner.run(TestRunner.java:602)
at org.testng.SuiteRunner.runTest(SuiteRunner.java:437)
at org.testng.SuiteRunner.runSequentially(SuiteRunner.java:431)
at org.testng.SuiteRunner.privateRun(SuiteRunner.java:391)
at org.testng.SuiteRunner.run(SuiteRunner.java:330)
at org.testng.SuiteRunnerWorker.runSuite(SuiteRunnerWorker.java:52)
at org.testng.SuiteRunnerWorker.run(SuiteRunnerWorker.java:95)
at org.testng.TestNG.runSuitesSequentially(TestNG.java:1256)
at org.testng.TestNG.runSuitesLocally(TestNG.java:1176)
at org.testng.TestNG.runSuites(TestNG.java:1099)
at org.testng.TestNG.run(TestNG.java:1067)
at org.apache.maven.surefire.testng.TestNGExecutor.run(TestNGExecutor.java:77)
at org.apache.maven.surefire.testng.TestNGDirectoryTestSuite.executeMulti(TestNGDirectoryTestSuite.java:159)
at org.apache.maven.surefire.testng.TestNGDirectoryTestSuite.execute(TestNGDirectoryTestSuite.java:99)
at org.apache.maven.surefire.testng.TestNGProvider.invoke(TestNGProvider.java:106)
at java.base/jdk.internal.reflect.NativeMethodAccessorImpl.invoke0(Native Method)
at java.base/jdk.internal.reflect.NativeMethodAccessorImpl.invoke(NativeMethodAccessorImpl.java:62)
at java.base/jdk.internal.reflect.DelegatingMethodAccessorImpl.invoke(DelegatingMethodAccessorImpl.java:43)
at java.base/java.lang.reflect.Method.invoke(Method.java:566)
at org.apache.maven.surefire.util.ReflectionUtils.invokeMethodWithArray(ReflectionUtils.java:189)
at org.apache.maven.surefire.booter.ProviderFactory$ProviderProxy.invoke(ProviderFactory.java:165)
at org.apache.maven.surefire.booter.ProviderFactory.invokeProvider(ProviderFactory.java:85)
at org.apache.maven.surefire.booter.ForkedBooter.runSuitesInProcess(ForkedBooter.java:115)
at org.apache.maven.surefire.booter.ForkedBooter.main(ForkedBooter.java:75)
]]>
            </full-stacktrace>
          </exception> <!-- org.openqa.selenium.remote.http.ConnectionFailedException -->
          <reporter-output>
          </reporter-output>
        </test-method> <!-- ValidateEmailAndName -->
      </class> <!-- mentoringWithKuba.LambdaTest -->
      <class name="TestNG.TestNGAssertion">
        <test-method signature="validAteNegativeWithNegative()[pri:0, instance:TestNG.TestNGAssertion@3c3d9b6b]" started-at="2023-03-07T18:03:08 CST" name="validAteNegativeWithNegative" finished-at="2023-03-07T18:03:08 CST" duration-ms="2" status="PASS">
          <reporter-output>
          </reporter-output>
        </test-method> <!-- validAteNegativeWithNegative -->
        <test-method signature="validateMultiplication()[pri:0, instance:TestNG.TestNGAssertion@3c3d9b6b]" started-at="2023-03-07T18:03:08 CST" name="validateMultiplication" finished-at="2023-03-07T18:03:08 CST" duration-ms="1" status="PASS">
          <reporter-output>
          </reporter-output>
        </test-method> <!-- validateMultiplication -->
        <test-method signature="validateNegativeWithPositive()[pri:0, instance:TestNG.TestNGAssertion@3c3d9b6b]" started-at="2023-03-07T18:03:08 CST" name="validateNegativeWithPositive" finished-at="2023-03-07T18:03:08 CST" duration-ms="0" status="PASS">
          <reporter-output>
          </reporter-output>
        </test-method> <!-- validateNegativeWithPositive -->
        <test-method signature="validateZero()[pri:0, instance:TestNG.TestNGAssertion@3c3d9b6b]" started-at="2023-03-07T18:03:08 CST" name="validateZero" finished-at="2023-03-07T18:03:08 CST" duration-ms="0" status="PASS">
          <reporter-output>
          </reporter-output>
        </test-method> <!-- validateZero -->
      </class> <!-- TestNG.TestNGAssertion -->
      <class name="TestNG.TestNG_Intro">
        <test-method signature="test2()[pri:1, instance:TestNG.TestNG_Intro@79d8407f]" started-at="2023-03-07T18:03:08 CST" name="test2" finished-at="2023-03-07T18:03:08 CST" duration-ms="0" status="PASS">
          <reporter-output>
          </reporter-output>
        </test-method> <!-- test2 -->
        <test-method signature="test2()[pri:1, instance:TestNG.TestNG_Intro@79d8407f]" started-at="2023-03-07T18:03:08 CST" name="test2" finished-at="2023-03-07T18:03:08 CST" duration-ms="0" status="PASS">
          <reporter-output>
          </reporter-output>
        </test-method> <!-- test2 -->
        <test-method signature="test2()[pri:1, instance:TestNG.TestNG_Intro@79d8407f]" started-at="2023-03-07T18:03:08 CST" name="test2" finished-at="2023-03-07T18:03:08 CST" duration-ms="0" status="PASS">
          <reporter-output>
          </reporter-output>
        </test-method> <!-- test2 -->
        <test-method signature="test2()[pri:1, instance:TestNG.TestNG_Intro@79d8407f]" started-at="2023-03-07T18:03:08 CST" name="test2" finished-at="2023-03-07T18:03:08 CST" duration-ms="0" status="PASS">
          <reporter-output>
          </reporter-output>
        </test-method> <!-- test2 -->
        <test-method signature="test2()[pri:1, instance:TestNG.TestNG_Intro@79d8407f]" started-at="2023-03-07T18:03:08 CST" name="test2" finished-at="2023-03-07T18:03:08 CST" duration-ms="1" status="PASS">
          <reporter-output>
          </reporter-output>
        </test-method> <!-- test2 -->
        <test-method signature="test1()[pri:2, instance:TestNG.TestNG_Intro@79d8407f]" started-at="2023-03-07T18:03:08 CST" name="test1" finished-at="2023-03-07T18:03:08 CST" duration-ms="0" status="PASS">
          <reporter-output>
          </reporter-output>
        </test-method> <!-- test1 -->
        <test-method signature="test3()[pri:3, instance:TestNG.TestNG_Intro@79d8407f]" started-at="2023-03-07T18:03:08 CST" name="test3" finished-at="2023-03-07T18:03:08 CST" duration-ms="0" status="PASS">
          <reporter-output>
          </reporter-output>
        </test-method> <!-- test3 -->
      </class> <!-- TestNG.TestNG_Intro -->
    </test> <!-- Command line test -->
  </suite> <!-- Command line suite -->
</testng-results>
